Created by PLY version 3.11 (http://www.dabeaz.com/ply)

Unused terminals:

    OR

Grammar

Rule 0     S' -> Program
Rule 1     Program -> Statements
Rule 2     Statements -> Statement
Rule 3     Statements -> Statements SEM Statement
Rule 4     Statement -> If
Rule 5     Statement -> While
Rule 6     Statement -> Assignment
Rule 7     Statement -> Read
Rule 8     Statement -> Write
Rule 9     If -> IF BooleanFactor THEN Statements END
Rule 10    If -> IF Comparison THEN Statements ELSE Statements END
Rule 11    Write -> WRITE Expression
Rule 12    Read -> READ Id
Rule 13    While -> WHILE Comparison DO Statements END
Rule 14    Assignment -> Id BEC Expression
Rule 15    Comparison -> Expression Relation Expression
Rule 16    BooleanFactor -> AND
Rule 17    BooleanFactor -> NOT Comparison
Rule 18    Relation -> EQ
Rule 19    Relation -> NEQ
Rule 20    Relation -> LESS
Rule 21    Relation -> LEQ
Rule 22    Relation -> GRTR
Rule 23    Relation -> GEQ
Rule 24    Expression -> Expression ADD Expression
Rule 25    Expression -> Expression SUB Expression
Rule 26    Expression -> Expression MUL Expression
Rule 27    Expression -> Expression DIV Expression
Rule 28    Expression -> LPAR Expression RPAR
Rule 29    Expression -> NUM
Rule 30    Expression -> Id
Rule 31    Id -> ID

Terminals, with rules where they appear

ADD                  : 24
AND                  : 16
BEC                  : 14
DIV                  : 27
DO                   : 13
ELSE                 : 10
END                  : 9 10 13
EQ                   : 18
GEQ                  : 23
GRTR                 : 22
ID                   : 31
IF                   : 9 10
LEQ                  : 21
LESS                 : 20
LPAR                 : 28
MUL                  : 26
NEQ                  : 19
NOT                  : 17
NUM                  : 29
OR                   : 
READ                 : 12
RPAR                 : 28
SEM                  : 3
SUB                  : 25
THEN                 : 9 10
WHILE                : 13
WRITE                : 11
error                : 

Nonterminals, with rules where they appear

Assignment           : 6
BooleanFactor        : 9
Comparison           : 10 13 17
Expression           : 11 14 15 15 24 24 25 25 26 26 27 27 28
Id                   : 12 14 30
If                   : 4
Program              : 0
Read                 : 7
Relation             : 15
Statement            : 2 3
Statements           : 1 3 9 10 10 13
While                : 5
Write                : 8

Parsing method: LALR

state 0

    (0) S' -> . Program
    (1) Program -> . Statements
    (2) Statements -> . Statement
    (3) Statements -> . Statements SEM Statement
    (4) Statement -> . If
    (5) Statement -> . While
    (6) Statement -> . Assignment
    (7) Statement -> . Read
    (8) Statement -> . Write
    (9) If -> . IF BooleanFactor THEN Statements END
    (10) If -> . IF Comparison THEN Statements ELSE Statements END
    (13) While -> . WHILE Comparison DO Statements END
    (14) Assignment -> . Id BEC Expression
    (12) Read -> . READ Id
    (11) Write -> . WRITE Expression
    (31) Id -> . ID

    IF              shift and go to state 9
    WHILE           shift and go to state 10
    READ            shift and go to state 12
    WRITE           shift and go to state 13
    ID              shift and go to state 14

    Program                        shift and go to state 1
    Statements                     shift and go to state 2
    Statement                      shift and go to state 3
    If                             shift and go to state 4
    While                          shift and go to state 5
    Assignment                     shift and go to state 6
    Read                           shift and go to state 7
    Write                          shift and go to state 8
    Id                             shift and go to state 11

state 1

    (0) S' -> Program .



state 2

    (1) Program -> Statements .
    (3) Statements -> Statements . SEM Statement

    $end            reduce using rule 1 (Program -> Statements .)
    SEM             shift and go to state 15


state 3

    (2) Statements -> Statement .

    SEM             reduce using rule 2 (Statements -> Statement .)
    $end            reduce using rule 2 (Statements -> Statement .)
    END             reduce using rule 2 (Statements -> Statement .)
    ELSE            reduce using rule 2 (Statements -> Statement .)


state 4

    (4) Statement -> If .

    SEM             reduce using rule 4 (Statement -> If .)
    $end            reduce using rule 4 (Statement -> If .)
    END             reduce using rule 4 (Statement -> If .)
    ELSE            reduce using rule 4 (Statement -> If .)


state 5

    (5) Statement -> While .

    SEM             reduce using rule 5 (Statement -> While .)
    $end            reduce using rule 5 (Statement -> While .)
    END             reduce using rule 5 (Statement -> While .)
    ELSE            reduce using rule 5 (Statement -> While .)


state 6

    (6) Statement -> Assignment .

    SEM             reduce using rule 6 (Statement -> Assignment .)
    $end            reduce using rule 6 (Statement -> Assignment .)
    END             reduce using rule 6 (Statement -> Assignment .)
    ELSE            reduce using rule 6 (Statement -> Assignment .)


state 7

    (7) Statement -> Read .

    SEM             reduce using rule 7 (Statement -> Read .)
    $end            reduce using rule 7 (Statement -> Read .)
    END             reduce using rule 7 (Statement -> Read .)
    ELSE            reduce using rule 7 (Statement -> Read .)


state 8

    (8) Statement -> Write .

    SEM             reduce using rule 8 (Statement -> Write .)
    $end            reduce using rule 8 (Statement -> Write .)
    END             reduce using rule 8 (Statement -> Write .)
    ELSE            reduce using rule 8 (Statement -> Write .)


state 9

    (9) If -> IF . BooleanFactor THEN Statements END
    (10) If -> IF . Comparison THEN Statements ELSE Statements END
    (16) BooleanFactor -> . AND
    (17) BooleanFactor -> . NOT Comparison
    (15) Comparison -> . Expression Relation Expression
    (24) Expression -> . Expression ADD Expression
    (25) Expression -> . Expression SUB Expression
    (26) Expression -> . Expression MUL Expression
    (27) Expression -> . Expression DIV Expression
    (28) Expression -> . LPAR Expression RPAR
    (29) Expression -> . NUM
    (30) Expression -> . Id
    (31) Id -> . ID

    AND             shift and go to state 18
    NOT             shift and go to state 19
    LPAR            shift and go to state 21
    NUM             shift and go to state 22
    ID              shift and go to state 14

    BooleanFactor                  shift and go to state 16
    Comparison                     shift and go to state 17
    Expression                     shift and go to state 20
    Id                             shift and go to state 23

state 10

    (13) While -> WHILE . Comparison DO Statements END
    (15) Comparison -> . Expression Relation Expression
    (24) Expression -> . Expression ADD Expression
    (25) Expression -> . Expression SUB Expression
    (26) Expression -> . Expression MUL Expression
    (27) Expression -> . Expression DIV Expression
    (28) Expression -> . LPAR Expression RPAR
    (29) Expression -> . NUM
    (30) Expression -> . Id
    (31) Id -> . ID

    LPAR            shift and go to state 21
    NUM             shift and go to state 22
    ID              shift and go to state 14

    Comparison                     shift and go to state 24
    Expression                     shift and go to state 20
    Id                             shift and go to state 23

state 11

    (14) Assignment -> Id . BEC Expression

    BEC             shift and go to state 25


state 12

    (12) Read -> READ . Id
    (31) Id -> . ID

    ID              shift and go to state 14

    Id                             shift and go to state 26

state 13

    (11) Write -> WRITE . Expression
    (24) Expression -> . Expression ADD Expression
    (25) Expression -> . Expression SUB Expression
    (26) Expression -> . Expression MUL Expression
    (27) Expression -> . Expression DIV Expression
    (28) Expression -> . LPAR Expression RPAR
    (29) Expression -> . NUM
    (30) Expression -> . Id
    (31) Id -> . ID

    LPAR            shift and go to state 21
    NUM             shift and go to state 22
    ID              shift and go to state 14

    Expression                     shift and go to state 27
    Id                             shift and go to state 23

state 14

    (31) Id -> ID .

    BEC             reduce using rule 31 (Id -> ID .)
    ADD             reduce using rule 31 (Id -> ID .)
    SUB             reduce using rule 31 (Id -> ID .)
    MUL             reduce using rule 31 (Id -> ID .)
    DIV             reduce using rule 31 (Id -> ID .)
    EQ              reduce using rule 31 (Id -> ID .)
    NEQ             reduce using rule 31 (Id -> ID .)
    LESS            reduce using rule 31 (Id -> ID .)
    LEQ             reduce using rule 31 (Id -> ID .)
    GRTR            reduce using rule 31 (Id -> ID .)
    GEQ             reduce using rule 31 (Id -> ID .)
    SEM             reduce using rule 31 (Id -> ID .)
    $end            reduce using rule 31 (Id -> ID .)
    END             reduce using rule 31 (Id -> ID .)
    ELSE            reduce using rule 31 (Id -> ID .)
    RPAR            reduce using rule 31 (Id -> ID .)
    THEN            reduce using rule 31 (Id -> ID .)
    DO              reduce using rule 31 (Id -> ID .)


state 15

    (3) Statements -> Statements SEM . Statement
    (4) Statement -> . If
    (5) Statement -> . While
    (6) Statement -> . Assignment
    (7) Statement -> . Read
    (8) Statement -> . Write
    (9) If -> . IF BooleanFactor THEN Statements END
    (10) If -> . IF Comparison THEN Statements ELSE Statements END
    (13) While -> . WHILE Comparison DO Statements END
    (14) Assignment -> . Id BEC Expression
    (12) Read -> . READ Id
    (11) Write -> . WRITE Expression
    (31) Id -> . ID

    IF              shift and go to state 9
    WHILE           shift and go to state 10
    READ            shift and go to state 12
    WRITE           shift and go to state 13
    ID              shift and go to state 14

    Statement                      shift and go to state 28
    If                             shift and go to state 4
    While                          shift and go to state 5
    Assignment                     shift and go to state 6
    Read                           shift and go to state 7
    Write                          shift and go to state 8
    Id                             shift and go to state 11

state 16

    (9) If -> IF BooleanFactor . THEN Statements END

    THEN            shift and go to state 29


state 17

    (10) If -> IF Comparison . THEN Statements ELSE Statements END

    THEN            shift and go to state 30


state 18

    (16) BooleanFactor -> AND .

    THEN            reduce using rule 16 (BooleanFactor -> AND .)


state 19

    (17) BooleanFactor -> NOT . Comparison
    (15) Comparison -> . Expression Relation Expression
    (24) Expression -> . Expression ADD Expression
    (25) Expression -> . Expression SUB Expression
    (26) Expression -> . Expression MUL Expression
    (27) Expression -> . Expression DIV Expression
    (28) Expression -> . LPAR Expression RPAR
    (29) Expression -> . NUM
    (30) Expression -> . Id
    (31) Id -> . ID

    LPAR            shift and go to state 21
    NUM             shift and go to state 22
    ID              shift and go to state 14

    Comparison                     shift and go to state 31
    Expression                     shift and go to state 20
    Id                             shift and go to state 23

state 20

    (15) Comparison -> Expression . Relation Expression
    (24) Expression -> Expression . ADD Expression
    (25) Expression -> Expression . SUB Expression
    (26) Expression -> Expression . MUL Expression
    (27) Expression -> Expression . DIV Expression
    (18) Relation -> . EQ
    (19) Relation -> . NEQ
    (20) Relation -> . LESS
    (21) Relation -> . LEQ
    (22) Relation -> . GRTR
    (23) Relation -> . GEQ

    ADD             shift and go to state 33
    SUB             shift and go to state 34
    MUL             shift and go to state 35
    DIV             shift and go to state 36
    EQ              shift and go to state 37
    NEQ             shift and go to state 38
    LESS            shift and go to state 39
    LEQ             shift and go to state 40
    GRTR            shift and go to state 41
    GEQ             shift and go to state 42

    Relation                       shift and go to state 32

state 21

    (28) Expression -> LPAR . Expression RPAR
    (24) Expression -> . Expression ADD Expression
    (25) Expression -> . Expression SUB Expression
    (26) Expression -> . Expression MUL Expression
    (27) Expression -> . Expression DIV Expression
    (28) Expression -> . LPAR Expression RPAR
    (29) Expression -> . NUM
    (30) Expression -> . Id
    (31) Id -> . ID

    LPAR            shift and go to state 21
    NUM             shift and go to state 22
    ID              shift and go to state 14

    Expression                     shift and go to state 43
    Id                             shift and go to state 23

state 22

    (29) Expression -> NUM .

    ADD             reduce using rule 29 (Expression -> NUM .)
    SUB             reduce using rule 29 (Expression -> NUM .)
    MUL             reduce using rule 29 (Expression -> NUM .)
    DIV             reduce using rule 29 (Expression -> NUM .)
    EQ              reduce using rule 29 (Expression -> NUM .)
    NEQ             reduce using rule 29 (Expression -> NUM .)
    LESS            reduce using rule 29 (Expression -> NUM .)
    LEQ             reduce using rule 29 (Expression -> NUM .)
    GRTR            reduce using rule 29 (Expression -> NUM .)
    GEQ             reduce using rule 29 (Expression -> NUM .)
    SEM             reduce using rule 29 (Expression -> NUM .)
    $end            reduce using rule 29 (Expression -> NUM .)
    END             reduce using rule 29 (Expression -> NUM .)
    ELSE            reduce using rule 29 (Expression -> NUM .)
    RPAR            reduce using rule 29 (Expression -> NUM .)
    THEN            reduce using rule 29 (Expression -> NUM .)
    DO              reduce using rule 29 (Expression -> NUM .)


state 23

    (30) Expression -> Id .

    ADD             reduce using rule 30 (Expression -> Id .)
    SUB             reduce using rule 30 (Expression -> Id .)
    MUL             reduce using rule 30 (Expression -> Id .)
    DIV             reduce using rule 30 (Expression -> Id .)
    EQ              reduce using rule 30 (Expression -> Id .)
    NEQ             reduce using rule 30 (Expression -> Id .)
    LESS            reduce using rule 30 (Expression -> Id .)
    LEQ             reduce using rule 30 (Expression -> Id .)
    GRTR            reduce using rule 30 (Expression -> Id .)
    GEQ             reduce using rule 30 (Expression -> Id .)
    SEM             reduce using rule 30 (Expression -> Id .)
    $end            reduce using rule 30 (Expression -> Id .)
    END             reduce using rule 30 (Expression -> Id .)
    ELSE            reduce using rule 30 (Expression -> Id .)
    RPAR            reduce using rule 30 (Expression -> Id .)
    THEN            reduce using rule 30 (Expression -> Id .)
    DO              reduce using rule 30 (Expression -> Id .)


state 24

    (13) While -> WHILE Comparison . DO Statements END

    DO              shift and go to state 44


state 25

    (14) Assignment -> Id BEC . Expression
    (24) Expression -> . Expression ADD Expression
    (25) Expression -> . Expression SUB Expression
    (26) Expression -> . Expression MUL Expression
    (27) Expression -> . Expression DIV Expression
    (28) Expression -> . LPAR Expression RPAR
    (29) Expression -> . NUM
    (30) Expression -> . Id
    (31) Id -> . ID

    LPAR            shift and go to state 21
    NUM             shift and go to state 22
    ID              shift and go to state 14

    Id                             shift and go to state 23
    Expression                     shift and go to state 45

state 26

    (12) Read -> READ Id .

    SEM             reduce using rule 12 (Read -> READ Id .)
    $end            reduce using rule 12 (Read -> READ Id .)
    END             reduce using rule 12 (Read -> READ Id .)
    ELSE            reduce using rule 12 (Read -> READ Id .)


state 27

    (11) Write -> WRITE Expression .
    (24) Expression -> Expression . ADD Expression
    (25) Expression -> Expression . SUB Expression
    (26) Expression -> Expression . MUL Expression
    (27) Expression -> Expression . DIV Expression

    SEM             reduce using rule 11 (Write -> WRITE Expression .)
    $end            reduce using rule 11 (Write -> WRITE Expression .)
    END             reduce using rule 11 (Write -> WRITE Expression .)
    ELSE            reduce using rule 11 (Write -> WRITE Expression .)
    ADD             shift and go to state 33
    SUB             shift and go to state 34
    MUL             shift and go to state 35
    DIV             shift and go to state 36


state 28

    (3) Statements -> Statements SEM Statement .

    SEM             reduce using rule 3 (Statements -> Statements SEM Statement .)
    $end            reduce using rule 3 (Statements -> Statements SEM Statement .)
    END             reduce using rule 3 (Statements -> Statements SEM Statement .)
    ELSE            reduce using rule 3 (Statements -> Statements SEM Statement .)


state 29

    (9) If -> IF BooleanFactor THEN . Statements END
    (2) Statements -> . Statement
    (3) Statements -> . Statements SEM Statement
    (4) Statement -> . If
    (5) Statement -> . While
    (6) Statement -> . Assignment
    (7) Statement -> . Read
    (8) Statement -> . Write
    (9) If -> . IF BooleanFactor THEN Statements END
    (10) If -> . IF Comparison THEN Statements ELSE Statements END
    (13) While -> . WHILE Comparison DO Statements END
    (14) Assignment -> . Id BEC Expression
    (12) Read -> . READ Id
    (11) Write -> . WRITE Expression
    (31) Id -> . ID

    IF              shift and go to state 9
    WHILE           shift and go to state 10
    READ            shift and go to state 12
    WRITE           shift and go to state 13
    ID              shift and go to state 14

    Statements                     shift and go to state 46
    Statement                      shift and go to state 3
    If                             shift and go to state 4
    While                          shift and go to state 5
    Assignment                     shift and go to state 6
    Read                           shift and go to state 7
    Write                          shift and go to state 8
    Id                             shift and go to state 11

state 30

    (10) If -> IF Comparison THEN . Statements ELSE Statements END
    (2) Statements -> . Statement
    (3) Statements -> . Statements SEM Statement
    (4) Statement -> . If
    (5) Statement -> . While
    (6) Statement -> . Assignment
    (7) Statement -> . Read
    (8) Statement -> . Write
    (9) If -> . IF BooleanFactor THEN Statements END
    (10) If -> . IF Comparison THEN Statements ELSE Statements END
    (13) While -> . WHILE Comparison DO Statements END
    (14) Assignment -> . Id BEC Expression
    (12) Read -> . READ Id
    (11) Write -> . WRITE Expression
    (31) Id -> . ID

    IF              shift and go to state 9
    WHILE           shift and go to state 10
    READ            shift and go to state 12
    WRITE           shift and go to state 13
    ID              shift and go to state 14

    Statements                     shift and go to state 47
    Statement                      shift and go to state 3
    If                             shift and go to state 4
    While                          shift and go to state 5
    Assignment                     shift and go to state 6
    Read                           shift and go to state 7
    Write                          shift and go to state 8
    Id                             shift and go to state 11

state 31

    (17) BooleanFactor -> NOT Comparison .

    THEN            reduce using rule 17 (BooleanFactor -> NOT Comparison .)


state 32

    (15) Comparison -> Expression Relation . Expression
    (24) Expression -> . Expression ADD Expression
    (25) Expression -> . Expression SUB Expression
    (26) Expression -> . Expression MUL Expression
    (27) Expression -> . Expression DIV Expression
    (28) Expression -> . LPAR Expression RPAR
    (29) Expression -> . NUM
    (30) Expression -> . Id
    (31) Id -> . ID

    LPAR            shift and go to state 21
    NUM             shift and go to state 22
    ID              shift and go to state 14

    Expression                     shift and go to state 48
    Id                             shift and go to state 23

state 33

    (24) Expression -> Expression ADD . Expression
    (24) Expression -> . Expression ADD Expression
    (25) Expression -> . Expression SUB Expression
    (26) Expression -> . Expression MUL Expression
    (27) Expression -> . Expression DIV Expression
    (28) Expression -> . LPAR Expression RPAR
    (29) Expression -> . NUM
    (30) Expression -> . Id
    (31) Id -> . ID

    LPAR            shift and go to state 21
    NUM             shift and go to state 22
    ID              shift and go to state 14

    Expression                     shift and go to state 49
    Id                             shift and go to state 23

state 34

    (25) Expression -> Expression SUB . Expression
    (24) Expression -> . Expression ADD Expression
    (25) Expression -> . Expression SUB Expression
    (26) Expression -> . Expression MUL Expression
    (27) Expression -> . Expression DIV Expression
    (28) Expression -> . LPAR Expression RPAR
    (29) Expression -> . NUM
    (30) Expression -> . Id
    (31) Id -> . ID

    LPAR            shift and go to state 21
    NUM             shift and go to state 22
    ID              shift and go to state 14

    Expression                     shift and go to state 50
    Id                             shift and go to state 23

state 35

    (26) Expression -> Expression MUL . Expression
    (24) Expression -> . Expression ADD Expression
    (25) Expression -> . Expression SUB Expression
    (26) Expression -> . Expression MUL Expression
    (27) Expression -> . Expression DIV Expression
    (28) Expression -> . LPAR Expression RPAR
    (29) Expression -> . NUM
    (30) Expression -> . Id
    (31) Id -> . ID

    LPAR            shift and go to state 21
    NUM             shift and go to state 22
    ID              shift and go to state 14

    Expression                     shift and go to state 51
    Id                             shift and go to state 23

state 36

    (27) Expression -> Expression DIV . Expression
    (24) Expression -> . Expression ADD Expression
    (25) Expression -> . Expression SUB Expression
    (26) Expression -> . Expression MUL Expression
    (27) Expression -> . Expression DIV Expression
    (28) Expression -> . LPAR Expression RPAR
    (29) Expression -> . NUM
    (30) Expression -> . Id
    (31) Id -> . ID

    LPAR            shift and go to state 21
    NUM             shift and go to state 22
    ID              shift and go to state 14

    Expression                     shift and go to state 52
    Id                             shift and go to state 23

state 37

    (18) Relation -> EQ .

    LPAR            reduce using rule 18 (Relation -> EQ .)
    NUM             reduce using rule 18 (Relation -> EQ .)
    ID              reduce using rule 18 (Relation -> EQ .)


state 38

    (19) Relation -> NEQ .

    LPAR            reduce using rule 19 (Relation -> NEQ .)
    NUM             reduce using rule 19 (Relation -> NEQ .)
    ID              reduce using rule 19 (Relation -> NEQ .)


state 39

    (20) Relation -> LESS .

    LPAR            reduce using rule 20 (Relation -> LESS .)
    NUM             reduce using rule 20 (Relation -> LESS .)
    ID              reduce using rule 20 (Relation -> LESS .)


state 40

    (21) Relation -> LEQ .

    LPAR            reduce using rule 21 (Relation -> LEQ .)
    NUM             reduce using rule 21 (Relation -> LEQ .)
    ID              reduce using rule 21 (Relation -> LEQ .)


state 41

    (22) Relation -> GRTR .

    LPAR            reduce using rule 22 (Relation -> GRTR .)
    NUM             reduce using rule 22 (Relation -> GRTR .)
    ID              reduce using rule 22 (Relation -> GRTR .)


state 42

    (23) Relation -> GEQ .

    LPAR            reduce using rule 23 (Relation -> GEQ .)
    NUM             reduce using rule 23 (Relation -> GEQ .)
    ID              reduce using rule 23 (Relation -> GEQ .)


state 43

    (28) Expression -> LPAR Expression . RPAR
    (24) Expression -> Expression . ADD Expression
    (25) Expression -> Expression . SUB Expression
    (26) Expression -> Expression . MUL Expression
    (27) Expression -> Expression . DIV Expression

    RPAR            shift and go to state 53
    ADD             shift and go to state 33
    SUB             shift and go to state 34
    MUL             shift and go to state 35
    DIV             shift and go to state 36


state 44

    (13) While -> WHILE Comparison DO . Statements END
    (2) Statements -> . Statement
    (3) Statements -> . Statements SEM Statement
    (4) Statement -> . If
    (5) Statement -> . While
    (6) Statement -> . Assignment
    (7) Statement -> . Read
    (8) Statement -> . Write
    (9) If -> . IF BooleanFactor THEN Statements END
    (10) If -> . IF Comparison THEN Statements ELSE Statements END
    (13) While -> . WHILE Comparison DO Statements END
    (14) Assignment -> . Id BEC Expression
    (12) Read -> . READ Id
    (11) Write -> . WRITE Expression
    (31) Id -> . ID

    IF              shift and go to state 9
    WHILE           shift and go to state 10
    READ            shift and go to state 12
    WRITE           shift and go to state 13
    ID              shift and go to state 14

    Statements                     shift and go to state 54
    Statement                      shift and go to state 3
    If                             shift and go to state 4
    While                          shift and go to state 5
    Assignment                     shift and go to state 6
    Read                           shift and go to state 7
    Write                          shift and go to state 8
    Id                             shift and go to state 11

state 45

    (14) Assignment -> Id BEC Expression .
    (24) Expression -> Expression . ADD Expression
    (25) Expression -> Expression . SUB Expression
    (26) Expression -> Expression . MUL Expression
    (27) Expression -> Expression . DIV Expression

    SEM             reduce using rule 14 (Assignment -> Id BEC Expression .)
    $end            reduce using rule 14 (Assignment -> Id BEC Expression .)
    END             reduce using rule 14 (Assignment -> Id BEC Expression .)
    ELSE            reduce using rule 14 (Assignment -> Id BEC Expression .)
    ADD             shift and go to state 33
    SUB             shift and go to state 34
    MUL             shift and go to state 35
    DIV             shift and go to state 36


state 46

    (9) If -> IF BooleanFactor THEN Statements . END
    (3) Statements -> Statements . SEM Statement

    END             shift and go to state 55
    SEM             shift and go to state 15


state 47

    (10) If -> IF Comparison THEN Statements . ELSE Statements END
    (3) Statements -> Statements . SEM Statement

    ELSE            shift and go to state 56
    SEM             shift and go to state 15


state 48

    (15) Comparison -> Expression Relation Expression .
    (24) Expression -> Expression . ADD Expression
    (25) Expression -> Expression . SUB Expression
    (26) Expression -> Expression . MUL Expression
    (27) Expression -> Expression . DIV Expression

    THEN            reduce using rule 15 (Comparison -> Expression Relation Expression .)
    DO              reduce using rule 15 (Comparison -> Expression Relation Expression .)
    ADD             shift and go to state 33
    SUB             shift and go to state 34
    MUL             shift and go to state 35
    DIV             shift and go to state 36


state 49

    (24) Expression -> Expression ADD Expression .
    (24) Expression -> Expression . ADD Expression
    (25) Expression -> Expression . SUB Expression
    (26) Expression -> Expression . MUL Expression
    (27) Expression -> Expression . DIV Expression

    ADD             reduce using rule 24 (Expression -> Expression ADD Expression .)
    SUB             reduce using rule 24 (Expression -> Expression ADD Expression .)
    EQ              reduce using rule 24 (Expression -> Expression ADD Expression .)
    NEQ             reduce using rule 24 (Expression -> Expression ADD Expression .)
    LESS            reduce using rule 24 (Expression -> Expression ADD Expression .)
    LEQ             reduce using rule 24 (Expression -> Expression ADD Expression .)
    GRTR            reduce using rule 24 (Expression -> Expression ADD Expression .)
    GEQ             reduce using rule 24 (Expression -> Expression ADD Expression .)
    SEM             reduce using rule 24 (Expression -> Expression ADD Expression .)
    $end            reduce using rule 24 (Expression -> Expression ADD Expression .)
    END             reduce using rule 24 (Expression -> Expression ADD Expression .)
    ELSE            reduce using rule 24 (Expression -> Expression ADD Expression .)
    RPAR            reduce using rule 24 (Expression -> Expression ADD Expression .)
    THEN            reduce using rule 24 (Expression -> Expression ADD Expression .)
    DO              reduce using rule 24 (Expression -> Expression ADD Expression .)
    MUL             shift and go to state 35
    DIV             shift and go to state 36

  ! MUL             [ reduce using rule 24 (Expression -> Expression ADD Expression .) ]
  ! DIV             [ reduce using rule 24 (Expression -> Expression ADD Expression .) ]
  ! ADD             [ shift and go to state 33 ]
  ! SUB             [ shift and go to state 34 ]


state 50

    (25) Expression -> Expression SUB Expression .
    (24) Expression -> Expression . ADD Expression
    (25) Expression -> Expression . SUB Expression
    (26) Expression -> Expression . MUL Expression
    (27) Expression -> Expression . DIV Expression

    ADD             reduce using rule 25 (Expression -> Expression SUB Expression .)
    SUB             reduce using rule 25 (Expression -> Expression SUB Expression .)
    EQ              reduce using rule 25 (Expression -> Expression SUB Expression .)
    NEQ             reduce using rule 25 (Expression -> Expression SUB Expression .)
    LESS            reduce using rule 25 (Expression -> Expression SUB Expression .)
    LEQ             reduce using rule 25 (Expression -> Expression SUB Expression .)
    GRTR            reduce using rule 25 (Expression -> Expression SUB Expression .)
    GEQ             reduce using rule 25 (Expression -> Expression SUB Expression .)
    SEM             reduce using rule 25 (Expression -> Expression SUB Expression .)
    $end            reduce using rule 25 (Expression -> Expression SUB Expression .)
    END             reduce using rule 25 (Expression -> Expression SUB Expression .)
    ELSE            reduce using rule 25 (Expression -> Expression SUB Expression .)
    RPAR            reduce using rule 25 (Expression -> Expression SUB Expression .)
    THEN            reduce using rule 25 (Expression -> Expression SUB Expression .)
    DO              reduce using rule 25 (Expression -> Expression SUB Expression .)
    MUL             shift and go to state 35
    DIV             shift and go to state 36

  ! MUL             [ reduce using rule 25 (Expression -> Expression SUB Expression .) ]
  ! DIV             [ reduce using rule 25 (Expression -> Expression SUB Expression .) ]
  ! ADD             [ shift and go to state 33 ]
  ! SUB             [ shift and go to state 34 ]


state 51

    (26) Expression -> Expression MUL Expression .
    (24) Expression -> Expression . ADD Expression
    (25) Expression -> Expression . SUB Expression
    (26) Expression -> Expression . MUL Expression
    (27) Expression -> Expression . DIV Expression

    ADD             reduce using rule 26 (Expression -> Expression MUL Expression .)
    SUB             reduce using rule 26 (Expression -> Expression MUL Expression .)
    MUL             reduce using rule 26 (Expression -> Expression MUL Expression .)
    DIV             reduce using rule 26 (Expression -> Expression MUL Expression .)
    EQ              reduce using rule 26 (Expression -> Expression MUL Expression .)
    NEQ             reduce using rule 26 (Expression -> Expression MUL Expression .)
    LESS            reduce using rule 26 (Expression -> Expression MUL Expression .)
    LEQ             reduce using rule 26 (Expression -> Expression MUL Expression .)
    GRTR            reduce using rule 26 (Expression -> Expression MUL Expression .)
    GEQ             reduce using rule 26 (Expression -> Expression MUL Expression .)
    SEM             reduce using rule 26 (Expression -> Expression MUL Expression .)
    $end            reduce using rule 26 (Expression -> Expression MUL Expression .)
    END             reduce using rule 26 (Expression -> Expression MUL Expression .)
    ELSE            reduce using rule 26 (Expression -> Expression MUL Expression .)
    RPAR            reduce using rule 26 (Expression -> Expression MUL Expression .)
    THEN            reduce using rule 26 (Expression -> Expression MUL Expression .)
    DO              reduce using rule 26 (Expression -> Expression MUL Expression .)

  ! ADD             [ shift and go to state 33 ]
  ! SUB             [ shift and go to state 34 ]
  ! MUL             [ shift and go to state 35 ]
  ! DIV             [ shift and go to state 36 ]


state 52

    (27) Expression -> Expression DIV Expression .
    (24) Expression -> Expression . ADD Expression
    (25) Expression -> Expression . SUB Expression
    (26) Expression -> Expression . MUL Expression
    (27) Expression -> Expression . DIV Expression

    ADD             reduce using rule 27 (Expression -> Expression DIV Expression .)
    SUB             reduce using rule 27 (Expression -> Expression DIV Expression .)
    MUL             reduce using rule 27 (Expression -> Expression DIV Expression .)
    DIV             reduce using rule 27 (Expression -> Expression DIV Expression .)
    EQ              reduce using rule 27 (Expression -> Expression DIV Expression .)
    NEQ             reduce using rule 27 (Expression -> Expression DIV Expression .)
    LESS            reduce using rule 27 (Expression -> Expression DIV Expression .)
    LEQ             reduce using rule 27 (Expression -> Expression DIV Expression .)
    GRTR            reduce using rule 27 (Expression -> Expression DIV Expression .)
    GEQ             reduce using rule 27 (Expression -> Expression DIV Expression .)
    SEM             reduce using rule 27 (Expression -> Expression DIV Expression .)
    $end            reduce using rule 27 (Expression -> Expression DIV Expression .)
    END             reduce using rule 27 (Expression -> Expression DIV Expression .)
    ELSE            reduce using rule 27 (Expression -> Expression DIV Expression .)
    RPAR            reduce using rule 27 (Expression -> Expression DIV Expression .)
    THEN            reduce using rule 27 (Expression -> Expression DIV Expression .)
    DO              reduce using rule 27 (Expression -> Expression DIV Expression .)

  ! ADD             [ shift and go to state 33 ]
  ! SUB             [ shift and go to state 34 ]
  ! MUL             [ shift and go to state 35 ]
  ! DIV             [ shift and go to state 36 ]


state 53

    (28) Expression -> LPAR Expression RPAR .

    ADD             reduce using rule 28 (Expression -> LPAR Expression RPAR .)
    SUB             reduce using rule 28 (Expression -> LPAR Expression RPAR .)
    MUL             reduce using rule 28 (Expression -> LPAR Expression RPAR .)
    DIV             reduce using rule 28 (Expression -> LPAR Expression RPAR .)
    EQ              reduce using rule 28 (Expression -> LPAR Expression RPAR .)
    NEQ             reduce using rule 28 (Expression -> LPAR Expression RPAR .)
    LESS            reduce using rule 28 (Expression -> LPAR Expression RPAR .)
    LEQ             reduce using rule 28 (Expression -> LPAR Expression RPAR .)
    GRTR            reduce using rule 28 (Expression -> LPAR Expression RPAR .)
    GEQ             reduce using rule 28 (Expression -> LPAR Expression RPAR .)
    SEM             reduce using rule 28 (Expression -> LPAR Expression RPAR .)
    $end            reduce using rule 28 (Expression -> LPAR Expression RPAR .)
    END             reduce using rule 28 (Expression -> LPAR Expression RPAR .)
    ELSE            reduce using rule 28 (Expression -> LPAR Expression RPAR .)
    RPAR            reduce using rule 28 (Expression -> LPAR Expression RPAR .)
    THEN            reduce using rule 28 (Expression -> LPAR Expression RPAR .)
    DO              reduce using rule 28 (Expression -> LPAR Expression RPAR .)


state 54

    (13) While -> WHILE Comparison DO Statements . END
    (3) Statements -> Statements . SEM Statement

    END             shift and go to state 57
    SEM             shift and go to state 15


state 55

    (9) If -> IF BooleanFactor THEN Statements END .

    SEM             reduce using rule 9 (If -> IF BooleanFactor THEN Statements END .)
    $end            reduce using rule 9 (If -> IF BooleanFactor THEN Statements END .)
    END             reduce using rule 9 (If -> IF BooleanFactor THEN Statements END .)
    ELSE            reduce using rule 9 (If -> IF BooleanFactor THEN Statements END .)


state 56

    (10) If -> IF Comparison THEN Statements ELSE . Statements END
    (2) Statements -> . Statement
    (3) Statements -> . Statements SEM Statement
    (4) Statement -> . If
    (5) Statement -> . While
    (6) Statement -> . Assignment
    (7) Statement -> . Read
    (8) Statement -> . Write
    (9) If -> . IF BooleanFactor THEN Statements END
    (10) If -> . IF Comparison THEN Statements ELSE Statements END
    (13) While -> . WHILE Comparison DO Statements END
    (14) Assignment -> . Id BEC Expression
    (12) Read -> . READ Id
    (11) Write -> . WRITE Expression
    (31) Id -> . ID

    IF              shift and go to state 9
    WHILE           shift and go to state 10
    READ            shift and go to state 12
    WRITE           shift and go to state 13
    ID              shift and go to state 14

    Statements                     shift and go to state 58
    Statement                      shift and go to state 3
    If                             shift and go to state 4
    While                          shift and go to state 5
    Assignment                     shift and go to state 6
    Read                           shift and go to state 7
    Write                          shift and go to state 8
    Id                             shift and go to state 11

state 57

    (13) While -> WHILE Comparison DO Statements END .

    SEM             reduce using rule 13 (While -> WHILE Comparison DO Statements END .)
    $end            reduce using rule 13 (While -> WHILE Comparison DO Statements END .)
    END             reduce using rule 13 (While -> WHILE Comparison DO Statements END .)
    ELSE            reduce using rule 13 (While -> WHILE Comparison DO Statements END .)


state 58

    (10) If -> IF Comparison THEN Statements ELSE Statements . END
    (3) Statements -> Statements . SEM Statement

    END             shift and go to state 59
    SEM             shift and go to state 15


state 59

    (10) If -> IF Comparison THEN Statements ELSE Statements END .

    SEM             reduce using rule 10 (If -> IF Comparison THEN Statements ELSE Statements END .)
    $end            reduce using rule 10 (If -> IF Comparison THEN Statements ELSE Statements END .)
    END             reduce using rule 10 (If -> IF Comparison THEN Statements ELSE Statements END .)
    ELSE            reduce using rule 10 (If -> IF Comparison THEN Statements ELSE Statements END .)

